2023-06-21T11:04:55.928+0530 [DEBUG] [org.gradle.launcher.daemon.bootstrap.DaemonMain] Assuming the daemon was started with following jvm opts: [--add-opens, java.base/java.util=ALL-UNNAMED, --add-opens, java.base/java.lang=ALL-UNNAMED, --add-opens, java.base/java.lang.invoke=ALL-UNNAMED, --add-opens, java.prefs/java.util.prefs=ALL-UNNAMED, -Xms1g, -Xmx4g, -Dfile.encoding=windows-1252, -Duser.country=US, -Duser.language=en, -Duser.variant]
2023-06-21T11:04:56.222+0530 [DEBUG] [org.gradle.internal.nativeintegration.services.NativeServices] Native-platform posix files integration is not available. Continuing with fallback.
2023-06-21T11:04:56.328+0530 [INFO] [org.gradle.launcher.daemon.server.Daemon] start() called on daemon - DefaultDaemonContext[uid=f0cf8d29-ae0c-40f0-aa45-868e1cb80843,javaHome=C:\Program Files\Java\jdk-11,daemonRegistryDir=C:\GW\gradle\cache\daemon,pid=14784,idleTimeout=120000,priority=NORMAL,daemonOpts=--add-opens,java.base/java.util=ALL-UNNAMED,--add-opens,java.base/java.lang=ALL-UNNAMED,--add-opens,java.base/java.lang.invoke=ALL-UNNAMED,--add-opens,java.prefs/java.util.prefs=ALL-UNNAMED,-Xms1g,-Xmx4g,-Dfile.encoding=windows-1252,-Duser.country=US,-Duser.language=en,-Duser.variant]
2023-06-21T11:04:57.048+0530 [DEBUG] [org.gradle.internal.remote.internal.inet.InetAddresses] Adding IP addresses for network interface Software Loopback Interface 1
2023-06-21T11:04:57.053+0530 [DEBUG] [org.gradle.internal.remote.internal.inet.InetAddresses] Is this a loopback interface? true
2023-06-21T11:04:57.060+0530 [DEBUG] [org.gradle.internal.remote.internal.inet.InetAddresses] Adding loopback address /127.0.0.1
2023-06-21T11:04:57.062+0530 [DEBUG] [org.gradle.internal.remote.internal.inet.InetAddresses] Adding loopback address /0:0:0:0:0:0:0:1
2023-06-21T11:04:57.068+0530 [DEBUG] [org.gradle.internal.remote.internal.inet.InetAddresses] Adding IP addresses for network interface Microsoft 6to4 Adapter
2023-06-21T11:04:57.073+0530 [DEBUG] [org.gradle.internal.remote.internal.inet.InetAddresses] Is this a loopback interface? false
2023-06-21T11:04:57.074+0530 [DEBUG] [org.gradle.internal.remote.internal.inet.InetAddresses] Adding IP addresses for network interface Microsoft Wi-Fi Direct Virtual Adapter
2023-06-21T11:04:57.078+0530 [DEBUG] [org.gradle.internal.remote.internal.inet.InetAddresses] Is this a loopback interface? false
2023-06-21T11:04:57.078+0530 [DEBUG] [org.gradle.internal.remote.internal.inet.InetAddresses] Adding remote address /fe80:0:0:0:d07e:f9d7:45b3:9a98%wlan0
2023-06-21T11:04:57.079+0530 [DEBUG] [org.gradle.internal.remote.internal.inet.InetAddresses] Adding IP addresses for network interface WAN Miniport (L2TP)
2023-06-21T11:04:57.083+0530 [DEBUG] [org.gradle.internal.remote.internal.inet.InetAddresses] Is this a loopback interface? false
2023-06-21T11:04:57.084+0530 [DEBUG] [org.gradle.internal.remote.internal.inet.InetAddresses] Adding IP addresses for network interface Microsoft IP-HTTPS Platform Adapter
2023-06-21T11:04:57.090+0530 [DEBUG] [org.gradle.internal.remote.internal.inet.InetAddresses] Is this a loopback interface? false
2023-06-21T11:04:57.091+0530 [DEBUG] [org.gradle.internal.remote.internal.inet.InetAddresses] Adding IP addresses for network interface WAN Miniport (IP)
2023-06-21T11:04:57.094+0530 [DEBUG] [org.gradle.internal.remote.internal.inet.InetAddresses] Is this a loopback interface? false
2023-06-21T11:04:57.094+0530 [DEBUG] [org.gradle.internal.remote.internal.inet.InetAddresses] Adding IP addresses for network interface Intel(R) Wi-Fi 6 AX201 160MHz
2023-06-21T11:04:57.099+0530 [DEBUG] [org.gradle.internal.remote.internal.inet.InetAddresses] Is this a loopback interface? false
2023-06-21T11:04:57.099+0530 [DEBUG] [org.gradle.internal.remote.internal.inet.InetAddresses] Adding remote address /192.168.1.41
2023-06-21T11:04:57.099+0530 [DEBUG] [org.gradle.internal.remote.internal.inet.InetAddresses] Adding remote address /fe80:0:0:0:1a78:3bba:e49b:d78c%wlan1
2023-06-21T11:04:57.100+0530 [DEBUG] [org.gradle.internal.remote.internal.inet.InetAddresses] Adding IP addresses for network interface WAN Miniport (IKEv2)
2023-06-21T11:04:57.105+0530 [DEBUG] [org.gradle.internal.remote.internal.inet.InetAddresses] Is this a loopback interface? false
2023-06-21T11:04:57.105+0530 [DEBUG] [org.gradle.internal.remote.internal.inet.InetAddresses] Adding IP addresses for network interface TAP-Windows Adapter V9
2023-06-21T11:04:57.109+0530 [DEBUG] [org.gradle.internal.remote.internal.inet.InetAddresses] Is this a loopback interface? false
2023-06-21T11:04:57.110+0530 [DEBUG] [org.gradle.internal.remote.internal.inet.InetAddresses] Adding remote address /fe80:0:0:0:eb37:ebc4:6b6b:7be6%net4
2023-06-21T11:04:57.110+0530 [DEBUG] [org.gradle.internal.remote.internal.inet.InetAddresses] Adding IP addresses for network interface RAS Async Adapter
2023-06-21T11:04:57.114+0530 [DEBUG] [org.gradle.internal.remote.internal.inet.InetAddresses] Is this a loopback interface? false
2023-06-21T11:04:57.114+0530 [DEBUG] [org.gradle.internal.remote.internal.inet.InetAddresses] Adding IP addresses for network interface WAN Miniport (Network Monitor)
2023-06-21T11:04:57.118+0530 [DEBUG] [org.gradle.internal.remote.internal.inet.InetAddresses] Is this a loopback interface? false
2023-06-21T11:04:57.119+0530 [DEBUG] [org.gradle.internal.remote.internal.inet.InetAddresses] Adding IP addresses for network interface Bluetooth Device (Personal Area Network)
2023-06-21T11:04:57.123+0530 [DEBUG] [org.gradle.internal.remote.internal.inet.InetAddresses] Is this a loopback interface? false
2023-06-21T11:04:57.123+0530 [DEBUG] [org.gradle.internal.remote.internal.inet.InetAddresses] Adding remote address /fe80:0:0:0:cef3:fe51:5011:8d32%eth2
2023-06-21T11:04:57.123+0530 [DEBUG] [org.gradle.internal.remote.internal.inet.InetAddresses] Adding IP addresses for network interface Realtek PCIe GbE Family Controller
2023-06-21T11:04:57.128+0530 [DEBUG] [org.gradle.internal.remote.internal.inet.InetAddresses] Is this a loopback interface? false
2023-06-21T11:04:57.128+0530 [DEBUG] [org.gradle.internal.remote.internal.inet.InetAddresses] Adding remote address /fe80:0:0:0:a852:9b78:1205:8a53%eth3
2023-06-21T11:04:57.129+0530 [DEBUG] [org.gradle.internal.remote.internal.inet.InetAddresses] Adding IP addresses for network interface Microsoft Teredo Tunneling Adapter
2023-06-21T11:04:57.133+0530 [DEBUG] [org.gradle.internal.remote.internal.inet.InetAddresses] Is this a loopback interface? false
2023-06-21T11:04:57.133+0530 [DEBUG] [org.gradle.internal.remote.internal.inet.InetAddresses] Adding IP addresses for network interface WAN Miniport (PPPOE)
2023-06-21T11:04:57.137+0530 [DEBUG] [org.gradle.internal.remote.internal.inet.InetAddresses] Is this a loopback interface? false
2023-06-21T11:04:57.140+0530 [DEBUG] [org.gradle.internal.remote.internal.inet.InetAddresses] Adding IP addresses for network interface Microsoft Kernel Debug Network Adapter
2023-06-21T11:04:57.145+0530 [DEBUG] [org.gradle.internal.remote.internal.inet.InetAddresses] Is this a loopback interface? false
2023-06-21T11:04:57.145+0530 [DEBUG] [org.gradle.internal.remote.internal.inet.InetAddresses] Adding IP addresses for network interface WAN Miniport (SSTP)
2023-06-21T11:04:57.150+0530 [DEBUG] [org.gradle.internal.remote.internal.inet.InetAddresses] Is this a loopback interface? false
2023-06-21T11:04:57.152+0530 [DEBUG] [org.gradle.internal.remote.internal.inet.InetAddresses] Adding IP addresses for network interface WAN Miniport (PPTP)
2023-06-21T11:04:57.159+0530 [DEBUG] [org.gradle.internal.remote.internal.inet.InetAddresses] Is this a loopback interface? false
2023-06-21T11:04:57.159+0530 [DEBUG] [org.gradle.internal.remote.internal.inet.InetAddresses] Adding IP addresses for network interface Microsoft Wi-Fi Direct Virtual Adapter #2
2023-06-21T11:04:57.167+0530 [DEBUG] [org.gradle.internal.remote.internal.inet.InetAddresses] Is this a loopback interface? false
2023-06-21T11:04:57.167+0530 [DEBUG] [org.gradle.internal.remote.internal.inet.InetAddresses] Adding remote address /fe80:0:0:0:8ffc:77cc:a06:b5f7%wlan2
2023-06-21T11:04:57.168+0530 [DEBUG] [org.gradle.internal.remote.internal.inet.InetAddresses] Adding IP addresses for network interface WAN Miniport (IPv6)
2023-06-21T11:04:57.174+0530 [DEBUG] [org.gradle.internal.remote.internal.inet.InetAddresses] Is this a loopback interface? false
2023-06-21T11:04:57.175+0530 [DEBUG] [org.gradle.internal.remote.internal.inet.InetAddresses] Adding IP addresses for network interface TAP-Windows Adapter V9-WFP Native MAC Layer LightWeight Filter-0000
2023-06-21T11:04:57.180+0530 [DEBUG] [org.gradle.internal.remote.internal.inet.InetAddresses] Is this a loopback interface? false
2023-06-21T11:04:57.181+0530 [DEBUG] [org.gradle.internal.remote.internal.inet.InetAddresses] Adding IP addresses for network interface TAP-Windows Adapter V9-QoS Packet Scheduler-0000
2023-06-21T11:04:57.186+0530 [DEBUG] [org.gradle.internal.remote.internal.inet.InetAddresses] Is this a loopback interface? false
2023-06-21T11:04:57.186+0530 [DEBUG] [org.gradle.internal.remote.internal.inet.InetAddresses] Adding IP addresses for network interface TAP-Windows Adapter V9-WFP 802.3 MAC Layer LightWeight Filter-0000
2023-06-21T11:04:57.190+0530 [DEBUG] [org.gradle.internal.remote.internal.inet.InetAddresses] Is this a loopback interface? false
2023-06-21T11:04:57.190+0530 [DEBUG] [org.gradle.internal.remote.internal.inet.InetAddresses] Adding IP addresses for network interface Realtek PCIe GbE Family Controller-WFP Native MAC Layer LightWeight Filter-0000
2023-06-21T11:04:57.194+0530 [DEBUG] [org.gradle.internal.remote.internal.inet.InetAddresses] Is this a loopback interface? false
2023-06-21T11:04:57.194+0530 [DEBUG] [org.gradle.internal.remote.internal.inet.InetAddresses] Adding IP addresses for network interface Realtek PCIe GbE Family Controller-QoS Packet Scheduler-0000
2023-06-21T11:04:57.199+0530 [DEBUG] [org.gradle.internal.remote.internal.inet.InetAddresses] Is this a loopback interface? false
2023-06-21T11:04:57.199+0530 [DEBUG] [org.gradle.internal.remote.internal.inet.InetAddresses] Adding IP addresses for network interface Realtek PCIe GbE Family Controller-WFP 802.3 MAC Layer LightWeight Filter-0000
2023-06-21T11:04:57.202+0530 [DEBUG] [org.gradle.internal.remote.internal.inet.InetAddresses] Is this a loopback interface? false
2023-06-21T11:04:57.203+0530 [DEBUG] [org.gradle.internal.remote.internal.inet.InetAddresses] Adding IP addresses for network interface Intel(R) Wi-Fi 6 AX201 160MHz-WFP Native MAC Layer LightWeight Filter-0000
2023-06-21T11:04:57.208+0530 [DEBUG] [org.gradle.internal.remote.internal.inet.InetAddresses] Is this a loopback interface? false
2023-06-21T11:04:57.209+0530 [DEBUG] [org.gradle.internal.remote.internal.inet.InetAddresses] Adding IP addresses for network interface Intel(R) Wi-Fi 6 AX201 160MHz-Virtual WiFi Filter Driver-0000
2023-06-21T11:04:57.212+0530 [DEBUG] [org.gradle.internal.remote.internal.inet.InetAddresses] Is this a loopback interface? false
2023-06-21T11:04:57.213+0530 [DEBUG] [org.gradle.internal.remote.internal.inet.InetAddresses] Adding IP addresses for network interface Intel(R) Wi-Fi 6 AX201 160MHz-Native WiFi Filter Driver-0000
2023-06-21T11:04:57.217+0530 [DEBUG] [org.gradle.internal.remote.internal.inet.InetAddresses] Is this a loopback interface? false
2023-06-21T11:04:57.218+0530 [DEBUG] [org.gradle.internal.remote.internal.inet.InetAddresses] Adding IP addresses for network interface Intel(R) Wi-Fi 6 AX201 160MHz-QoS Packet Scheduler-0000
2023-06-21T11:04:57.222+0530 [DEBUG] [org.gradle.internal.remote.internal.inet.InetAddresses] Is this a loopback interface? false
2023-06-21T11:04:57.223+0530 [DEBUG] [org.gradle.internal.remote.internal.inet.InetAddresses] Adding IP addresses for network interface Intel(R) Wi-Fi 6 AX201 160MHz-WFP 802.3 MAC Layer LightWeight Filter-0000
2023-06-21T11:04:57.227+0530 [DEBUG] [org.gradle.internal.remote.internal.inet.InetAddresses] Is this a loopback interface? false
2023-06-21T11:04:57.227+0530 [DEBUG] [org.gradle.internal.remote.internal.inet.InetAddresses] Adding IP addresses for network interface Microsoft Wi-Fi Direct Virtual Adapter-WFP Native MAC Layer LightWeight Filter-0000
2023-06-21T11:04:57.231+0530 [DEBUG] [org.gradle.internal.remote.internal.inet.InetAddresses] Is this a loopback interface? false
2023-06-21T11:04:57.231+0530 [DEBUG] [org.gradle.internal.remote.internal.inet.InetAddresses] Adding IP addresses for network interface Microsoft Wi-Fi Direct Virtual Adapter-Native WiFi Filter Driver-0000
2023-06-21T11:04:57.235+0530 [DEBUG] [org.gradle.internal.remote.internal.inet.InetAddresses] Is this a loopback interface? false
2023-06-21T11:04:57.236+0530 [DEBUG] [org.gradle.internal.remote.internal.inet.InetAddresses] Adding IP addresses for network interface WAN Miniport (IP)-WFP Native MAC Layer LightWeight Filter-0000
2023-06-21T11:04:57.240+0530 [DEBUG] [org.gradle.internal.remote.internal.inet.InetAddresses] Is this a loopback interface? false
2023-06-21T11:04:57.241+0530 [DEBUG] [org.gradle.internal.remote.internal.inet.InetAddresses] Adding IP addresses for network interface WAN Miniport (IP)-QoS Packet Scheduler-0000
2023-06-21T11:04:57.244+0530 [DEBUG] [org.gradle.internal.remote.internal.inet.InetAddresses] Is this a loopback interface? false
2023-06-21T11:04:57.244+0530 [DEBUG] [org.gradle.internal.remote.internal.inet.InetAddresses] Adding IP addresses for network interface WAN Miniport (IPv6)-WFP Native MAC Layer LightWeight Filter-0000
2023-06-21T11:04:57.249+0530 [DEBUG] [org.gradle.internal.remote.internal.inet.InetAddresses] Is this a loopback interface? false
2023-06-21T11:04:57.249+0530 [DEBUG] [org.gradle.internal.remote.internal.inet.InetAddresses] Adding IP addresses for network interface WAN Miniport (IPv6)-QoS Packet Scheduler-0000
2023-06-21T11:04:57.254+0530 [DEBUG] [org.gradle.internal.remote.internal.inet.InetAddresses] Is this a loopback interface? false
2023-06-21T11:04:57.254+0530 [DEBUG] [org.gradle.internal.remote.internal.inet.InetAddresses] Adding IP addresses for network interface WAN Miniport (Network Monitor)-WFP Native MAC Layer LightWeight Filter-0000
2023-06-21T11:04:57.258+0530 [DEBUG] [org.gradle.internal.remote.internal.inet.InetAddresses] Is this a loopback interface? false
2023-06-21T11:04:57.258+0530 [DEBUG] [org.gradle.internal.remote.internal.inet.InetAddresses] Adding IP addresses for network interface WAN Miniport (Network Monitor)-QoS Packet Scheduler-0000
2023-06-21T11:04:57.263+0530 [DEBUG] [org.gradle.internal.remote.internal.inet.InetAddresses] Is this a loopback interface? false
2023-06-21T11:04:57.263+0530 [DEBUG] [org.gradle.internal.remote.internal.inet.InetAddresses] Adding IP addresses for network interface Microsoft Wi-Fi Direct Virtual Adapter-QoS Packet Scheduler-0000
2023-06-21T11:04:57.267+0530 [DEBUG] [org.gradle.internal.remote.internal.inet.InetAddresses] Is this a loopback interface? false
2023-06-21T11:04:57.267+0530 [DEBUG] [org.gradle.internal.remote.internal.inet.InetAddresses] Adding IP addresses for network interface Microsoft Wi-Fi Direct Virtual Adapter-WFP 802.3 MAC Layer LightWeight Filter-0000
2023-06-21T11:04:57.272+0530 [DEBUG] [org.gradle.internal.remote.internal.inet.InetAddresses] Is this a loopback interface? false
2023-06-21T11:04:57.272+0530 [DEBUG] [org.gradle.internal.remote.internal.inet.InetAddresses] Adding IP addresses for network interface Microsoft Wi-Fi Direct Virtual Adapter #2-WFP Native MAC Layer LightWeight Filter-0000
2023-06-21T11:04:57.275+0530 [DEBUG] [org.gradle.internal.remote.internal.inet.InetAddresses] Is this a loopback interface? false
2023-06-21T11:04:57.276+0530 [DEBUG] [org.gradle.internal.remote.internal.inet.InetAddresses] Adding IP addresses for network interface Microsoft Wi-Fi Direct Virtual Adapter #2-Native WiFi Filter Driver-0000
2023-06-21T11:04:57.280+0530 [DEBUG] [org.gradle.internal.remote.internal.inet.InetAddresses] Is this a loopback interface? false
2023-06-21T11:04:57.280+0530 [DEBUG] [org.gradle.internal.remote.internal.inet.InetAddresses] Adding IP addresses for network interface Microsoft Wi-Fi Direct Virtual Adapter #2-QoS Packet Scheduler-0000
2023-06-21T11:04:57.284+0530 [DEBUG] [org.gradle.internal.remote.internal.inet.InetAddresses] Is this a loopback interface? false
2023-06-21T11:04:57.284+0530 [DEBUG] [org.gradle.internal.remote.internal.inet.InetAddresses] Adding IP addresses for network interface Microsoft Wi-Fi Direct Virtual Adapter #2-WFP 802.3 MAC Layer LightWeight Filter-0000
2023-06-21T11:04:57.289+0530 [DEBUG] [org.gradle.internal.remote.internal.inet.InetAddresses] Is this a loopback interface? false
2023-06-21T11:04:57.293+0530 [DEBUG] [org.gradle.internal.remote.internal.inet.TcpIncomingConnector] Listening on [c5ca4952-a5e7-40ad-bc41-51989f810557 port:50151, addresses:[localhost/127.0.0.1]].
2023-06-21T11:04:57.311+0530 [DEBUG] [org.gradle.launcher.daemon.server.Daemon] Daemon starting at: Wed Jun 21 11:04:57 IST 2023, with address: [c5ca4952-a5e7-40ad-bc41-51989f810557 port:50151, addresses:[localhost/127.0.0.1]]
2023-06-21T11:04:57.311+0530 [INFO] [org.gradle.launcher.daemon.server.DaemonRegistryUpdater] Advertising the daemon address to the clients: [c5ca4952-a5e7-40ad-bc41-51989f810557 port:50151, addresses:[localhost/127.0.0.1]]
2023-06-21T11:04:57.312+0530 [DEBUG] [org.gradle.launcher.daemon.server.DaemonRegistryUpdater] Advertised daemon context: DefaultDaemonContext[uid=f0cf8d29-ae0c-40f0-aa45-868e1cb80843,javaHome=C:\Program Files\Java\jdk-11,daemonRegistryDir=C:\GW\gradle\cache\daemon,pid=14784,idleTimeout=120000,priority=NORMAL,daemonOpts=--add-opens,java.base/java.util=ALL-UNNAMED,--add-opens,java.base/java.lang=ALL-UNNAMED,--add-opens,java.base/java.lang.invoke=ALL-UNNAMED,--add-opens,java.prefs/java.util.prefs=ALL-UNNAMED,-Xms1g,-Xmx4g,-Dfile.encoding=windows-1252,-Duser.country=US,-Duser.language=en,-Duser.variant]
2023-06-21T11:04:57.313+0530 [DEBUG] [org.gradle.launcher.daemon.registry.PersistentDaemonRegistry] Storing daemon address: [c5ca4952-a5e7-40ad-bc41-51989f810557 port:50151, addresses:[localhost/127.0.0.1]], context: DefaultDaemonContext[uid=f0cf8d29-ae0c-40f0-aa45-868e1cb80843,javaHome=C:\Program Files\Java\jdk-11,daemonRegistryDir=C:\GW\gradle\cache\daemon,pid=14784,idleTimeout=120000,priority=NORMAL,daemonOpts=--add-opens,java.base/java.util=ALL-UNNAMED,--add-opens,java.base/java.lang=ALL-UNNAMED,--add-opens,java.base/java.lang.invoke=ALL-UNNAMED,--add-opens,java.prefs/java.util.prefs=ALL-UNNAMED,-Xms1g,-Xmx4g,-Dfile.encoding=windows-1252,-Duser.country=US,-Duser.language=en,-Duser.variant]
2023-06-21T11:04:57.340+0530 [DEBUG] [org.gradle.cache.internal.DefaultFileLockManager] Waiting to acquire exclusive lock on daemon addresses registry.
2023-06-21T11:04:57.346+0530 [DEBUG] [org.gradle.cache.internal.DefaultFileLockManager] Lock acquired on daemon addresses registry.
2023-06-21T11:04:57.357+0530 [DEBUG] [org.gradle.cache.internal.DefaultFileLockManager] Releasing lock on daemon addresses registry.
2023-06-21T11:04:57.358+0530 [LIFECYCLE] [org.gradle.launcher.daemon.server.Daemon] Daemon server started.
2023-06-21T11:04:57.360+0530 [DEBUG] [org.gradle.launcher.daemon.bootstrap.DaemonStartupCommunication] Completed writing the daemon greeting. Closing streams...
2023-06-21T11:04:57.369+0530 [DEBUG] [org.gradle.launcher.daemon.server.Daemon] stopOnExpiration() called on daemon
2023-06-21T11:04:57.372+0530 [DEBUG] [org.gradle.launcher.daemon.server.Daemon] awaitExpiration() called on daemon
2023-06-21T11:04:57.372+0530 [DEBUG] [org.gradle.launcher.daemon.server.DaemonStateCoordinator] daemon is running. Sleeping until state changes.
2023-06-21T11:04:57.904+0530 [DEBUG] [org.gradle.internal.remote.internal.inet.TcpIncomingConnector] Accepted connection from /127.0.0.1:50152 to /127.0.0.1:50151.
2023-06-21T11:04:57.968+0530 [DEBUG] [org.gradle.launcher.daemon.server.SynchronizedDispatchConnection] thread 19: received class org.gradle.launcher.daemon.protocol.Build
2023-06-21T11:04:57.969+0530 [DEBUG] [org.gradle.launcher.daemon.server.DefaultDaemonConnection] thread 19: Received non-IO message from client: Build{id=0655af24-b99e-4cd7-b743-8d2fb17d3b02, currentDir=C:\GW}
2023-06-21T11:04:57.970+0530 [INFO] [org.gradle.launcher.daemon.server.DefaultIncomingConnectionHandler] Received command: Build{id=0655af24-b99e-4cd7-b743-8d2fb17d3b02, currentDir=C:\GW}.
2023-06-21T11:04:57.970+0530 [DEBUG] [org.gradle.launcher.daemon.server.DefaultIncomingConnectionHandler] Starting executing command: Build{id=0655af24-b99e-4cd7-b743-8d2fb17d3b02, currentDir=C:\GW} with connection: socket connection from /127.0.0.1:50151 to /127.0.0.1:50152.
2023-06-21T11:04:57.973+0530 [ERROR] [org.gradle.launcher.daemon.server.DaemonStateCoordinator] Command execution: started DaemonCommandExecution[command = Build{id=0655af24-b99e-4cd7-b743-8d2fb17d3b02, currentDir=C:\GW}, connection = DefaultDaemonConnection: socket connection from /127.0.0.1:50151 to /127.0.0.1:50152] after 0.0 minutes of idle
2023-06-21T11:04:57.974+0530 [INFO] [org.gradle.launcher.daemon.server.DaemonRegistryUpdater] Marking the daemon as busy, address: [c5ca4952-a5e7-40ad-bc41-51989f810557 port:50151, addresses:[localhost/127.0.0.1]]
2023-06-21T11:04:57.974+0530 [DEBUG] [org.gradle.launcher.daemon.registry.PersistentDaemonRegistry] Marking busy by address: [c5ca4952-a5e7-40ad-bc41-51989f810557 port:50151, addresses:[localhost/127.0.0.1]]
2023-06-21T11:04:57.976+0530 [DEBUG] [org.gradle.cache.internal.DefaultFileLockManager] Waiting to acquire exclusive lock on daemon addresses registry.
2023-06-21T11:04:57.976+0530 [DEBUG] [org.gradle.cache.internal.DefaultFileLockManager] Lock acquired on daemon addresses registry.
2023-06-21T11:04:57.978+0530 [DEBUG] [org.gradle.cache.internal.DefaultFileLockManager] Releasing lock on daemon addresses registry.
2023-06-21T11:04:57.979+0530 [DEBUG] [org.gradle.launcher.daemon.server.DaemonStateCoordinator] resetting idle timer
2023-06-21T11:04:57.979+0530 [DEBUG] [org.gradle.launcher.daemon.server.DaemonStateCoordinator] daemon is running. Sleeping until state changes.
2023-06-21T11:04:57.981+0530 [INFO] [org.gradle.launcher.daemon.server.exec.StartBuildOrRespondWithBusy] Daemon is about to start building Build{id=0655af24-b99e-4cd7-b743-8d2fb17d3b02, currentDir=C:\GW}. Dispatching build started information...
2023-06-21T11:04:57.982+0530 [DEBUG] [org.gradle.launcher.daemon.server.SynchronizedDispatchConnection] thread 21: dispatching org.gradle.launcher.daemon.protocol.BuildStarted@4e3360d7
2023-06-21T11:04:57.985+0530 [DEBUG] [org.gradle.launcher.daemon.server.exec.EstablishBuildEnvironment] Configuring env variables: {USERDOMAIN_ROAMINGPROFILE=DESKTOP-DD5KTF1, PROCESSOR_LEVEL=6, SESSIONNAME=Console, ALLUSERSPROFILE=C:\ProgramData, PROCESSOR_ARCHITECTURE=AMD64, PSModulePath=C:\Program Files\WindowsPowerShell\Modules;C:\WINDOWS\system32\WindowsPowerShell\v1.0\Modules, SystemDrive=C:, EFC_4244=1, DIRNAME=C:\GW\, USERNAME=Haneesha, CMD_LINE_ARGS=studio, ProgramFiles(x86)=C:\Program Files (x86), FPS_BROWSER_USER_PROFILE_STRING=Default, APP_HOME=C:\GW\, DEFAULT_JVM_OPTS="-Xmx1g", PATHEXT=.COM;.EXE;.BAT;.CMD;.VBS;.VBE;.JS;.JSE;.WSF;.WSH;.MSC, DriverData=C:\Windows\System32\Drivers\DriverData, ProgramData=C:\ProgramData, ProgramW6432=C:\Program Files, HOMEPATH=\Users\Haneesha, PROCESSOR_IDENTIFIER=Intel64 Family 6 Model 140 Stepping 1, GenuineIntel, ProgramFiles=C:\Program Files, PUBLIC=C:\Users\Public, windir=C:\WINDOWS, =::=::\, ZES_ENABLE_SYSMAN=1, _SKIP=2, LOCALAPPDATA=C:\Users\Haneesha\AppData\Local, USERDOMAIN=DESKTOP-DD5KTF1, FPS_BROWSER_APP_PROFILE_STRING=Internet Explorer, LOGONSERVER=\\DESKTOP-DD5KTF1, JAVA_HOME=C:\Program Files\Java\jdk-11, PROMPT=$P$G, ANT_HOME=C:\apache-ant-1.8.1, OneDrive=C:\Users\Haneesha\OneDrive - exavalu, =C:=C:\GW, APPDATA=C:\Users\Haneesha\AppData\Roaming, JAVA_EXE=C:\Program Files\Java\jdk-11/bin/java.exe, CommonProgramFiles=C:\Program Files\Common Files, Path=C:\Program Files\Common Files\Oracle\Java\javapath;C:\WINDOWS\system32;C:\WINDOWS;C:\WINDOWS\System32\Wbem;C:\WINDOWS\System32\WindowsPowerShell\v1.0\;C:\WINDOWS\System32\OpenSSH\;C:\apache-ant-1.8.1\bin;C:\Program Files\Java\jdk1.7.0_80\bin;C:\Program Files (x86)\dotnet\;C:\Program Files\dotnet\;C:\Program Files\Git\cmd;C:\Program Files\nodejs\;C:\Users\Haneesha\AppData\Local\Microsoft\WindowsApps;;C:\Users\Haneesha\AppData\Local\Programs\Microsoft VS Code\bin;C:\Users\Haneesha\AppData\Roaming\npm, OS=Windows_NT, COMPUTERNAME=DESKTOP-DD5KTF1, PROCESSOR_REVISION=8c01, CLASSPATH=C:\GW\\gradle\wrapper\gradle-wrapper.jar, CommonProgramW6432=C:\Program Files\Common Files, ComSpec=C:\WINDOWS\system32\cmd.exe, APP_BASE_NAME=gwb, SystemRoot=C:\WINDOWS, TEMP=C:\Users\Haneesha\AppData\Local\Temp, HOMEDRIVE=C:, USERPROFILE=C:\Users\Haneesha, TMP=C:\Users\Haneesha\AppData\Local\Temp, CommonProgramFiles(x86)=C:\Program Files (x86)\Common Files, NUMBER_OF_PROCESSORS=4}
2023-06-21T11:04:57.997+0530 [DEBUG] [org.gradle.launcher.daemon.server.exec.LogToClient] About to start relaying all logs to the client via the connection.
2023-06-21T11:04:57.998+0530 [INFO] [org.gradle.launcher.daemon.server.exec.LogToClient] The client will now receive all logging from the daemon (pid: 14784). The daemon log file: C:\GW\gradle\cache\daemon\6.5.1\daemon-14784.out.log
2023-06-21T11:04:58.002+0530 [DEBUG] [org.gradle.launcher.daemon.server.exec.RequestStopIfSingleUsedDaemon] Requesting daemon stop after processing Build{id=0655af24-b99e-4cd7-b743-8d2fb17d3b02, currentDir=C:\GW}
2023-06-21T11:04:58.002+0530 [LIFECYCLE] [org.gradle.launcher.daemon.server.DaemonStateCoordinator] Daemon will be stopped at the end of the build stopping after processing
2023-06-21T11:04:58.002+0530 [DEBUG] [org.gradle.launcher.daemon.server.DaemonStateCoordinator] Stop as soon as idle requested. The daemon is busy: true
2023-06-21T11:04:58.003+0530 [DEBUG] [org.gradle.launcher.daemon.server.DaemonStateCoordinator] daemon stop has been requested. Sleeping until state changes.
2023-06-21T11:04:58.010+0530 [DEBUG] [org.gradle.launcher.daemon.server.exec.ExecuteBuild] The daemon has started executing the build.
2023-06-21T11:04:58.011+0530 [DEBUG] [org.gradle.launcher.daemon.server.exec.ExecuteBuild] Executing build with daemon context: DefaultDaemonContext[uid=f0cf8d29-ae0c-40f0-aa45-868e1cb80843,javaHome=C:\Program Files\Java\jdk-11,daemonRegistryDir=C:\GW\gradle\cache\daemon,pid=14784,idleTimeout=120000,priority=NORMAL,daemonOpts=--add-opens,java.base/java.util=ALL-UNNAMED,--add-opens,java.base/java.lang=ALL-UNNAMED,--add-opens,java.base/java.lang.invoke=ALL-UNNAMED,--add-opens,java.prefs/java.util.prefs=ALL-UNNAMED,-Xms1g,-Xmx4g,-Dfile.encoding=windows-1252,-Duser.country=US,-Duser.language=en,-Duser.variant]
Importing POM com.guidewire.pc:pc-parent:10.1.2
Importing parent POM com.guidewire.pc:pc-all:10.1.2
Importing POM com.guidewire.pc:pc-all:10.1.2
Generating C:\GW\.idea\settings\idea.properties file
Generating C:\GW\.idea\settings\config\options\other.xml file
Generating C:\GW\.idea\settings\config\options\recentProjects.xml file
Using bundled jre: C:\GW\studio\sdk\jre\jre-win\bin\java.exe

Starting Guidewire Studio...

Deprecated Gradle features were used in this build, making it incompatible with Gradle 7.0.
Use '--warning-mode all' to show the individual deprecation warnings.
See https://docs.gradle.org/6.5.1/userguide/command_line_interface.html#sec:command_line_warnings

BUILD SUCCESSFUL in 1m 27s
7 actionable tasks: 7 executed
2023-06-21T11:06:03.034+0530 [DEBUG] [org.gradle.launcher.daemon.server.exec.ExecuteBuild] The daemon has finished executing the build.
2023-06-21T11:06:03.049+0530 [DEBUG] [org.gradle.launcher.daemon.server.DaemonStateCoordinator] daemon stop has been requested. Sleeping until state changes.
2023-06-21T11:06:03.049+0530 [DEBUG] [org.gradle.launcher.daemon.server.DaemonStateCoordinator] Command execution: finished waiting for DaemonCommandExecution[command = Build{id=0655af24-b99e-4cd7-b743-8d2fb17d3b02, currentDir=C:\GW}, connection = DefaultDaemonConnection: socket connection from /127.0.0.1:50151 to /127.0.0.1:50152]. Result org.gradle.launcher.daemon.server.DaemonStateCoordinator@67666fd5 with state StopRequested
2023-06-21T11:06:03.050+0530 [DEBUG] [org.gradle.launcher.daemon.server.DaemonStateCoordinator] Command execution: completed DaemonCommandExecution[command = Build{id=0655af24-b99e-4cd7-b743-8d2fb17d3b02, currentDir=C:\GW}, connection = DefaultDaemonConnection: socket connection from /127.0.0.1:50151 to /127.0.0.1:50152]
2023-06-21T11:06:03.050+0530 [DEBUG] [org.gradle.launcher.daemon.server.DaemonStateCoordinator] resetting idle timer
2023-06-21T11:06:03.051+0530 [DEBUG] [org.gradle.launcher.daemon.server.DaemonStateCoordinator] Marking daemon stopped due to command completed and stop requested. The daemon is running a build: false
2023-06-21T11:06:03.051+0530 [DEBUG] [org.gradle.launcher.daemon.server.DaemonStateCoordinator] daemon has stopped.
2023-06-21T11:06:03.051+0530 [DEBUG] [org.gradle.launcher.daemon.server.Daemon] stop() called on daemon
2023-06-21T11:06:03.051+0530 [DEBUG] [org.gradle.launcher.daemon.server.exec.ReturnResult] Daemon is dispatching the build result: Success[value=org.gradle.launcher.exec.BuildActionResult@226aca49]
2023-06-21T11:06:03.051+0530 [INFO] [org.gradle.launcher.daemon.server.Daemon] Stop requested. Daemon is removing its presence from the registry...
2023-06-21T11:06:03.051+0530 [DEBUG] [org.gradle.launcher.daemon.server.SynchronizedDispatchConnection] thread 18: dispatching Success[value=org.gradle.launcher.exec.BuildActionResult@226aca49]
2023-06-21T11:06:03.051+0530 [DEBUG] [org.gradle.launcher.daemon.server.DaemonRegistryUpdater] Removing our presence to clients, eg. removing this address from the registry: [c5ca4952-a5e7-40ad-bc41-51989f810557 port:50151, addresses:[localhost/127.0.0.1]]
2023-06-21T11:06:03.052+0530 [DEBUG] [org.gradle.launcher.daemon.registry.PersistentDaemonRegistry] Removing daemon address: [c5ca4952-a5e7-40ad-bc41-51989f810557 port:50151, addresses:[localhost/127.0.0.1]]
2023-06-21T11:06:03.053+0530 [DEBUG] [org.gradle.launcher.daemon.server.DefaultIncomingConnectionHandler] Finishing executing command: Build{id=0655af24-b99e-4cd7-b743-8d2fb17d3b02, currentDir=C:\GW}
2023-06-21T11:06:03.054+0530 [DEBUG] [org.gradle.cache.internal.DefaultFileLockManager] Waiting to acquire exclusive lock on daemon addresses registry.
2023-06-21T11:06:03.056+0530 [DEBUG] [org.gradle.cache.internal.DefaultFileLockManager] Lock acquired on daemon addresses registry.
2023-06-21T11:06:03.058+0530 [DEBUG] [org.gradle.cache.internal.DefaultFileLockManager] Releasing lock on daemon addresses registry.
2023-06-21T11:06:03.058+0530 [DEBUG] [org.gradle.launcher.daemon.server.DaemonRegistryUpdater] Address removed from registry.
2023-06-21T11:06:03.084+0530 [DEBUG] [org.gradle.launcher.daemon.server.SynchronizedDispatchConnection] thread 19: received class org.gradle.launcher.daemon.protocol.CloseInput
2023-06-21T11:06:03.084+0530 [DEBUG] [org.gradle.launcher.daemon.server.DefaultDaemonConnection] thread 19: Received IO message from client: org.gradle.launcher.daemon.protocol.CloseInput@2972b0c6
2023-06-21T11:06:03.087+0530 [DEBUG] [org.gradle.launcher.daemon.server.SynchronizedDispatchConnection] thread 19: received class org.gradle.launcher.daemon.protocol.Finished
2023-06-21T11:06:03.087+0530 [DEBUG] [org.gradle.launcher.daemon.server.DefaultDaemonConnection] thread 19: Received non-IO message from client: org.gradle.launcher.daemon.protocol.Finished@75957cb0
2023-06-21T11:06:03.097+0530 [DEBUG] [org.gradle.launcher.daemon.server.DefaultIncomingConnectionHandler] Received finished message: org.gradle.launcher.daemon.protocol.Finished@75957cb0
2023-06-21T11:06:03.097+0530 [DEBUG] [org.gradle.launcher.daemon.server.SynchronizedDispatchConnection] thread 18: stopping connection
2023-06-21T11:06:03.103+0530 [DEBUG] [org.gradle.internal.remote.internal.inet.SocketConnection] Discarding EOFException: java.io.EOFException
2023-06-21T11:06:03.103+0530 [DEBUG] [org.gradle.launcher.daemon.server.SynchronizedDispatchConnection] thread 19: received null
2023-06-21T11:06:03.103+0530 [DEBUG] [org.gradle.launcher.daemon.server.DefaultDaemonConnection] thread 19: Received end-of-input from client.
2023-06-21T11:06:03.119+0530 [DEBUG] [org.gradle.launcher.daemon.server.SynchronizedDispatchConnection] thread 18: stopping connection
2023-06-21T11:06:03.129+0530 [DEBUG] [org.gradle.cache.internal.LockOnDemandCrossProcessCacheAccess] Releasing file lock for jars (C:\GW\gradle\cache\caches\jars-8)
2023-06-21T11:06:03.129+0530 [DEBUG] [org.gradle.cache.internal.DefaultFileLockManager] Releasing lock on jars (C:\GW\gradle\cache\caches\jars-8).
2023-06-21T11:06:03.132+0530 [DEBUG] [org.gradle.cache.internal.DefaultPersistentDirectoryStore] jars (C:\GW\gradle\cache\caches\jars-8) has last been fully cleaned up 115 hours ago
2023-06-21T11:06:03.135+0530 [DEBUG] [org.gradle.cache.internal.AbstractCacheCleanup] jars (C:\GW\gradle\cache\caches\jars-8) cleanup deleted 0 files/directories.
2023-06-21T11:06:03.136+0530 [INFO] [org.gradle.cache.internal.LeastRecentlyUsedCacheCleanup] jars (C:\GW\gradle\cache\caches\jars-8) removing files not accessed on or after Wed Jun 14 11:04:58 IST 2023.
2023-06-21T11:06:03.139+0530 [DEBUG] [org.gradle.cache.internal.AbstractCacheCleanup] jars (C:\GW\gradle\cache\caches\jars-8) cleanup deleted 0 files/directories.
2023-06-21T11:06:03.140+0530 [INFO] [org.gradle.cache.internal.DefaultPersistentDirectoryStore] jars (C:\GW\gradle\cache\caches\jars-8) cleaned up in 0.008 secs.
2023-06-21T11:06:03.151+0530 [DEBUG] [org.gradle.cache.internal.LockOnDemandCrossProcessCacheAccess] Releasing file lock for file content cache (C:\GW\gradle\cache\caches\6.5.1\fileContent)
2023-06-21T11:06:03.152+0530 [DEBUG] [org.gradle.cache.internal.DefaultFileLockManager] Releasing lock on file content cache (C:\GW\gradle\cache\caches\6.5.1\fileContent).
2023-06-21T11:06:03.153+0530 [DEBUG] [org.gradle.cache.internal.DefaultPersistentDirectoryStore] Artifact transforms cache (C:\GW\gradle\cache\caches\transforms-2) has last been fully cleaned up 115 hours ago
2023-06-21T11:06:03.154+0530 [INFO] [org.gradle.cache.internal.LeastRecentlyUsedCacheCleanup] Artifact transforms cache (C:\GW\gradle\cache\caches\transforms-2) [subdir: C:\GW\gradle\cache\caches\transforms-2\files-2.1] removing files not accessed on or after Wed Jun 14 11:05:00 IST 2023.
2023-06-21T11:06:03.156+0530 [DEBUG] [org.gradle.cache.internal.AbstractCacheCleanup] Artifact transforms cache (C:\GW\gradle\cache\caches\transforms-2) [subdir: C:\GW\gradle\cache\caches\transforms-2\files-2.1] cleanup deleted 0 files/directories.
2023-06-21T11:06:03.156+0530 [INFO] [org.gradle.cache.internal.DefaultPersistentDirectoryStore] Artifact transforms cache (C:\GW\gradle\cache\caches\transforms-2) cleaned up in 0.002 secs.
2023-06-21T11:06:03.156+0530 [DEBUG] [org.gradle.cache.internal.DefaultCacheAccess] Cache Artifact transforms cache (C:\GW\gradle\cache\caches\transforms-2) was closed 0 times.
2023-06-21T11:06:03.157+0530 [DEBUG] [org.gradle.cache.internal.LockOnDemandCrossProcessCacheAccess] Releasing file lock for artifact cache (C:\GW\gradle\cache\caches\modules-2)
2023-06-21T11:06:03.157+0530 [DEBUG] [org.gradle.cache.internal.DefaultFileLockManager] Releasing lock on artifact cache (C:\GW\gradle\cache\caches\modules-2).
2023-06-21T11:06:03.158+0530 [DEBUG] [org.gradle.cache.internal.DefaultPersistentDirectoryStore] artifact cache (C:\GW\gradle\cache\caches\modules-2) has last been fully cleaned up 115 hours ago
2023-06-21T11:06:03.160+0530 [DEBUG] [org.gradle.cache.internal.AbstractCacheCleanup] artifact cache (C:\GW\gradle\cache\caches\modules-2) cleanup deleted 0 files/directories.
2023-06-21T11:06:03.162+0530 [DEBUG] [org.gradle.cache.internal.AbstractCacheCleanup] artifact cache (C:\GW\gradle\cache\caches\modules-2) [subdir: C:\GW\gradle\cache\caches\modules-2\resources-2.1] cleanup deleted 0 files/directories.
2023-06-21T11:06:03.162+0530 [INFO] [org.gradle.cache.internal.LeastRecentlyUsedCacheCleanup] artifact cache (C:\GW\gradle\cache\caches\modules-2) [subdir: C:\GW\gradle\cache\caches\modules-2\resources-2.1] removing files not accessed on or after Mon May 22 11:06:02 IST 2023.
2023-06-21T11:06:03.162+0530 [DEBUG] [org.gradle.cache.internal.AbstractCacheCleanup] artifact cache (C:\GW\gradle\cache\caches\modules-2) [subdir: C:\GW\gradle\cache\caches\modules-2\resources-2.1] cleanup deleted 0 files/directories.
2023-06-21T11:06:03.164+0530 [DEBUG] [org.gradle.cache.internal.AbstractCacheCleanup] artifact cache (C:\GW\gradle\cache\caches\modules-2) [subdir: C:\GW\gradle\cache\caches\modules-2\files-2.1] cleanup deleted 0 files/directories.
2023-06-21T11:06:03.164+0530 [INFO] [org.gradle.cache.internal.LeastRecentlyUsedCacheCleanup] artifact cache (C:\GW\gradle\cache\caches\modules-2) [subdir: C:\GW\gradle\cache\caches\modules-2\files-2.1] removing files not accessed on or after Mon May 22 11:06:02 IST 2023.
2023-06-21T11:06:03.165+0530 [DEBUG] [org.gradle.cache.internal.AbstractCacheCleanup] artifact cache (C:\GW\gradle\cache\caches\modules-2) [subdir: C:\GW\gradle\cache\caches\modules-2\files-2.1] cleanup deleted 0 files/directories.
2023-06-21T11:06:03.166+0530 [DEBUG] [org.gradle.cache.internal.AbstractCacheCleanup] artifact cache (C:\GW\gradle\cache\caches\modules-2) [subdir: C:\GW\gradle\cache\caches\modules-2\metadata-2.96] cleanup deleted 0 files/directories.
2023-06-21T11:06:03.167+0530 [INFO] [org.gradle.cache.internal.DefaultPersistentDirectoryStore] artifact cache (C:\GW\gradle\cache\caches\modules-2) cleaned up in 0.008 secs.
2023-06-21T11:06:03.167+0530 [DEBUG] [org.gradle.cache.internal.DefaultCacheAccess] Cache Generated Gradle JARs cache (C:\GW\gradle\cache\caches\6.5.1\generated-gradle-jars) was closed 0 times.
2023-06-21T11:06:03.169+0530 [DEBUG] [org.gradle.cache.internal.LockOnDemandCrossProcessCacheAccess] Releasing file lock for journal cache (C:\GW\gradle\cache\caches\journal-1)
2023-06-21T11:06:03.169+0530 [DEBUG] [org.gradle.cache.internal.btree.BTreePersistentIndexedCache] Closing cache file-access.bin (C:\GW\gradle\cache\caches\journal-1\file-access.bin)
2023-06-21T11:06:03.170+0530 [DEBUG] [org.gradle.cache.internal.DefaultFileLockManager] Releasing lock on journal cache (C:\GW\gradle\cache\caches\journal-1).
2023-06-21T11:06:03.171+0530 [DEBUG] [org.gradle.cache.internal.LockOnDemandCrossProcessCacheAccess] Releasing file lock for file hash cache (C:\GW\gradle\cache\caches\6.5.1\fileHashes)
2023-06-21T11:06:03.172+0530 [DEBUG] [org.gradle.cache.internal.btree.BTreePersistentIndexedCache] Closing cache fileHashes.bin (C:\GW\gradle\cache\caches\6.5.1\fileHashes\fileHashes.bin)
2023-06-21T11:06:03.173+0530 [DEBUG] [org.gradle.cache.internal.btree.BTreePersistentIndexedCache] Closing cache resourceHashesCache.bin (C:\GW\gradle\cache\caches\6.5.1\fileHashes\resourceHashesCache.bin)
2023-06-21T11:06:03.174+0530 [DEBUG] [org.gradle.cache.internal.DefaultFileLockManager] Releasing lock on file hash cache (C:\GW\gradle\cache\caches\6.5.1\fileHashes).
2023-06-21T11:06:03.175+0530 [DEBUG] [org.gradle.cache.internal.LockOnDemandCrossProcessCacheAccess] Releasing file lock for execution history cache (C:\GW\gradle\cache\caches\6.5.1\executionHistory)
2023-06-21T11:06:03.175+0530 [DEBUG] [org.gradle.cache.internal.DefaultFileLockManager] Releasing lock on execution history cache (C:\GW\gradle\cache\caches\6.5.1\executionHistory).
2023-06-21T11:06:03.182+0530 [DEBUG] [org.gradle.cache.internal.VersionSpecificCacheCleanupAction] Processed version-specific caches at C:\GW\gradle\cache\caches for cleanup in 0.001 secs
Daemon vm is shutting down... The daemon has exited normally or was terminated in response to a user interrupt.
2023-06-21T11:06:03.196+0530 [DEBUG] [org.gradle.launcher.daemon.registry.PersistentDaemonRegistry] Removing daemon address: [c5ca4952-a5e7-40ad-bc41-51989f810557 port:50151, addresses:[localhost/127.0.0.1]]
2023-06-21T11:06:03.210+0530 [DEBUG] [org.gradle.cache.internal.DefaultFileLockManager] Waiting to acquire exclusive lock on daemon addresses registry.
2023-06-21T11:06:03.211+0530 [DEBUG] [org.gradle.cache.internal.DefaultFileLockManager] Lock acquired on daemon addresses registry.
2023-06-21T11:06:03.213+0530 [DEBUG] [org.gradle.cache.internal.DefaultFileLockManager] Releasing lock on daemon addresses registry.
